<?xml version="1.0" encoding="UTF-8"?>
<robot generator="Robot 7.2.2 (Python 3.11.9 on win32)" generated="2025-02-17T12:33:06.431456" rpa="false" schemaversion="5">
<suite id="s1" name="Package Installation" source="C:\Users\achim\github\dbpa\tests\robot\tests\installation\package_installation.robot">
<kw name="Setup Test Environment" owner="common" type="SETUP">
<kw name="Create Directory" owner="OperatingSystem">
<msg time="2025-02-17T12:33:07.502091" level="INFO" html="true">Directory '&lt;a href="file://C:\Users\achim\github\dbpa\tests\temp"&gt;C:\Users\achim\github\dbpa\tests\temp&lt;/a&gt;' already exists.</msg>
<arg>${TEMP_DIR}</arg>
<doc>Creates the specified directory.</doc>
<status status="PASS" start="2025-02-17T12:33:07.502091" elapsed="0.000000"/>
</kw>
<kw name="Run Process" owner="Process">
<msg time="2025-02-17T12:33:07.503624" level="INFO">Starting process:
python -m venv C:\Users\achim\github\dbpa\tests\robot\resources\..\..\temp\venv</msg>
<msg time="2025-02-17T12:33:07.510827" level="INFO">Waiting for process to complete.</msg>
<msg time="2025-02-17T12:33:07.633815" level="INFO">Process completed.</msg>
<msg time="2025-02-17T12:33:07.633815" level="INFO">${result} = &lt;result object with rc 1&gt;</msg>
<var>${result}</var>
<arg>${PYTHON_CMD}</arg>
<arg>-m</arg>
<arg>venv</arg>
<arg>${VENV_DIR}</arg>
<doc>Runs a process and waits for it to complete.</doc>
<status status="PASS" start="2025-02-17T12:33:07.503624" elapsed="0.130191"/>
</kw>
<kw name="Should Be Equal As Integers" owner="BuiltIn">
<msg time="2025-02-17T12:33:07.633815" level="INFO">Argument types are:
&lt;class 'int'&gt;
&lt;class 'str'&gt;</msg>
<msg time="2025-02-17T12:33:07.633815" level="FAIL">1 != 0</msg>
<arg>${result.rc}</arg>
<arg>0</arg>
<doc>Fails if objects are unequal after converting them to integers.</doc>
<status status="FAIL" start="2025-02-17T12:33:07.633815" elapsed="0.000000">1 != 0</status>
</kw>
<kw name="Set Variable" owner="BuiltIn">
<var>${pip}</var>
<arg>${VENV_DIR}${/}Scripts${/}pip</arg>
<doc>Returns the given values which can then be assigned to a variables.</doc>
<status status="NOT RUN" start="2025-02-17T12:33:07.633815" elapsed="0.000000"/>
</kw>
<kw name="Run Process" owner="Process">
<var>${result}</var>
<arg>${pip}</arg>
<arg>install</arg>
<arg>-e</arg>
<arg>${PACKAGE_DIR}</arg>
<arg>shell=True</arg>
<doc>Runs a process and waits for it to complete.</doc>
<status status="NOT RUN" start="2025-02-17T12:33:07.633815" elapsed="0.000000"/>
</kw>
<kw name="Should Be Equal As Integers" owner="BuiltIn">
<arg>${result.rc}</arg>
<arg>0</arg>
<doc>Fails if objects are unequal after converting them to integers.</doc>
<status status="NOT RUN" start="2025-02-17T12:33:07.635331" elapsed="0.000000"/>
</kw>
<kw name="Set Suite Variable" owner="BuiltIn">
<arg>${PIP_CMD}</arg>
<arg>${pip}</arg>
<doc>Makes a variable available everywhere within the scope of the current suite.</doc>
<status status="NOT RUN" start="2025-02-17T12:33:07.635331" elapsed="0.000000"/>
</kw>
<status status="FAIL" start="2025-02-17T12:33:07.502091" elapsed="0.133240">1 != 0</status>
</kw>
<test id="s1-t1" name="Test Package Installation In Fresh Environment" line="8">
<doc>Verify that DBPA can be installed in a fresh virtual environment</doc>
<tag>installation</tag>
<tag>smoke</tag>
<status status="FAIL" start="2025-02-17T12:33:07.635331" elapsed="0.000000">Parent suite setup failed:
1 != 0</status>
</test>
<test id="s1-t2" name="Test Package Import Functionality" line="15">
<doc>Verify that all main DBPA modules can be imported</doc>
<tag>installation</tag>
<tag>smoke</tag>
<status status="FAIL" start="2025-02-17T12:33:07.636352" elapsed="0.000000">Parent suite setup failed:
1 != 0</status>
</test>
<test id="s1-t3" name="Test CLI Command Availability" line="24">
<doc>Verify that DBPA CLI commands are available</doc>
<tag>installation</tag>
<tag>smoke</tag>
<status status="FAIL" start="2025-02-17T12:33:07.636352" elapsed="0.000000">Parent suite setup failed:
1 != 0</status>
</test>
<test id="s1-t4" name="Test Package Version" line="31">
<doc>Verify that package version is accessible</doc>
<tag>installation</tag>
<tag>smoke</tag>
<status status="FAIL" start="2025-02-17T12:33:07.637866" elapsed="0.000000">Parent suite setup failed:
1 != 0</status>
</test>
<kw name="Teardown Test Environment" owner="common" type="TEARDOWN">
<kw name="Remove Directory" owner="OperatingSystem">
<msg time="2025-02-17T12:33:08.361809" level="FAIL">PermissionError: [WinError 32] Der Prozess kann nicht auf die Datei zugreifen, da sie von einem anderen Prozess verwendet wird: 'C:\\Users\\achim\\github\\dbpa\\tests\\temp\\venv\\Scripts\\pip.exe'</msg>
<arg>${TEMP_DIR}</arg>
<arg>recursive=True</arg>
<doc>Removes the directory pointed to by the given ``path``.</doc>
<status status="FAIL" start="2025-02-17T12:33:07.638942" elapsed="0.722867">PermissionError: [WinError 32] Der Prozess kann nicht auf die Datei zugreifen, da sie von einem anderen Prozess verwendet wird: 'C:\\Users\\achim\\github\\dbpa\\tests\\temp\\venv\\Scripts\\pip.exe'</status>
</kw>
<status status="FAIL" start="2025-02-17T12:33:07.638942" elapsed="0.722867">PermissionError: [WinError 32] Der Prozess kann nicht auf die Datei zugreifen, da sie von einem anderen Prozess verwendet wird: 'C:\\Users\\achim\\github\\dbpa\\tests\\temp\\venv\\Scripts\\pip.exe'</status>
</kw>
<doc>Test suite for verifying DBPA package installation</doc>
<status status="FAIL" start="2025-02-17T12:33:06.433004" elapsed="1.930325">Suite setup failed:
1 != 0

Also suite teardown failed:
PermissionError: [WinError 32] Der Prozess kann nicht auf die Datei zugreifen, da sie von einem anderen Prozess verwendet wird: 'C:\\Users\\achim\\github\\dbpa\\tests\\temp\\venv\\Scripts\\pip.exe'</status>
</suite>
<statistics>
<total>
<stat pass="0" fail="4" skip="0">All Tests</stat>
</total>
<tag>
<stat pass="0" fail="4" skip="0">installation</stat>
<stat pass="0" fail="4" skip="0">smoke</stat>
</tag>
<suite>
<stat name="Package Installation" id="s1" pass="0" fail="4" skip="0">Package Installation</stat>
</suite>
</statistics>
<errors>
</errors>
</robot>
